
[ALIGN TCR READS WITH MIXCR]
-------------------------------------------------


>> MAKE DIRECTORIES

[Thu Nov 15 11:48:09 EST 2018] $ mkdir /Users/jforman/Documents/WuLab/TCR_protocol_files/out/sample_data/mixcr/
[Thu Nov 15 11:48:09 EST 2018] $ mkdir /Users/jforman/Documents/WuLab/TCR_protocol_files/out/sample_data/mixcr/blank_S11_TRB/
[Thu Nov 15 11:48:09 EST 2018] $ cd /Users/jforman/Documents/WuLab/TCR_protocol_files/out/sample_data/mixcr/blank_S11_TRB/


>> RUN MIXCR

[Thu Nov 15 11:48:09 EST 2018] $ java -Xmx5g -jar /Users/jforman/bin/mixcr-2.1.5/mixcr.jar align --chains TRB --species hsa --save-description /Users/jforman/Documents/WuLab/TCR_protocol_files/out/sample_data/fastq/tcr/blank_S11_TRB_L001_R1_001.fastq alignments.vdjca
Reference library: repseqio.v1.4:9606:200de63a951f3484df94065bbc280c67
Alignment: 100%
============= Report ==============
Analysis time: 3.17s
Total sequencing reads: 6
Successfully aligned reads: 6 (100%)
Overlapped: 0 (0%)
Overlapped and aligned: 0 (0%)
Overlapped and not aligned: 0 (0%)
TRB chains: 6 (100%)

[Thu Nov 15 11:48:16 EST 2018] $ java -Xmx5g -jar /Users/jforman/bin/mixcr-2.1.5/mixcr.jar assemble --index index_file alignments.vdjca clones.clns
Initialization: progress unknown
Writing clones: 0%
============= Report ==============
Analysis time: 3.13s
Final clonotype count: 2
Average number of reads per clonotype: 3
Reads used in clonotypes, percent of total: 6 (100%)
Reads used in clonotypes before clustering, percent of total: 6 (100%)
Number of reads used as a core, percent of used: 6 (100%)
Mapped low quality reads, percent of used: 0 (0%)
Reads clustered in PCR error correction, percent of used: 0 (0%)
Reads pre-clustered due to the similar VJC-lists, percent of used: 0 (0%)
Reads dropped due to the lack of a clone sequence: 0 (0%)
Reads dropped due to low quality: 0 (0%)
Reads dropped due to failed mapping: 0 (0%)
Reads dropped with low quality clones: 0 (0%)
Clonotypes eliminated by PCR error correction: 0
Clonotypes dropped as low quality: 0
Clonotypes pre-clustered due to the similar VJC-lists: 0
TRB chains: 2 (100%)

[Thu Nov 15 11:48:23 EST 2018] $ java -Xmx5g -jar /Users/jforman/bin/mixcr-2.1.5/mixcr.jar exportAlignmentsPretty alignments.vdjca alignments.pretty.txt

[Thu Nov 15 11:48:29 EST 2018] $ java -Xmx5g -jar /Users/jforman/bin/mixcr-2.1.5/mixcr.jar exportAlignments --preset full -readId -descrR1 -cloneIdWithMappingType index_file alignments.vdjca alignments.txt
Exporting alignments: 0%

[Thu Nov 15 11:48:36 EST 2018] $ java -Xmx5g -jar /Users/jforman/bin/mixcr-2.1.5/mixcr.jar exportClones --chains TRB --preset full -readIds index_file clones.clns clones.txt
Exporting clones: 0%

-------------------------------------------------

       3 clones.txt
-------------------------------------------------

usage: date [-jnRu] [-d dst] [-r seconds] [-t west] [-v[+|-]val[ymwdHMS]] ... 
            [-f fmt date | [[[mm]dd]HH]MM[[cc]yy][.ss]] [+format]
usage: date [-jnRu] [-d dst] [-r seconds] [-t west] [-v[+|-]val[ymwdHMS]] ... 
            [-f fmt date | [[[mm]dd]HH]MM[[cc]yy][.ss]] [+format]
ELAPSED TIME: 00:00:32

:00:36

