
[ALIGN TCR READS WITH MIXCR]
-------------------------------------------------


>> MAKE DIRECTORIES

[Fri Feb 08 15:46:35 EST 2019] $ mkdir /Users/jforman/Documents/WuLab/TCR_protocol_files/out/sample_run/mixcr/
[Fri Feb 08 15:46:35 EST 2019] $ mkdir /Users/jforman/Documents/WuLab/TCR_protocol_files/out/sample_run/mixcr/S1-10ng_S6_TRB/
[Fri Feb 08 15:46:35 EST 2019] $ cd /Users/jforman/Documents/WuLab/TCR_protocol_files/out/sample_run/mixcr/S1-10ng_S6_TRB/


>> RUN MIXCR

[Fri Feb 08 15:46:35 EST 2019] $ java -Xmx5g -jar /Users/jforman/bin/mixcr-2.1.5/mixcr.jar align --chains TRA --species hsa --save-description /Users/jforman/Documents/WuLab/TCR_protocol_files/out/sample_run/fastq/tcr/S1-10ng_S6_TRA_L001_R1_001.fastq alignments.vdjca
Reference library: repseqio.v1.4:9606:200de63a951f3484df94065bbc280c67
Alignment: 3.5%
Alignment: 14.1%  ETA: 00:00:58
Alignment: 24.6%  ETA: 00:00:50
Alignment: 38.7%  ETA: 00:00:17
Alignment: 49.3%  ETA: 00:00:09
Alignment: 59.8%  ETA: 00:00:03
Alignment: 73.9%  ETA: 00:00:03
Alignment: 88%  ETA: 00:00:01
Alignment: 98.5%  ETA: 00:00:00
============= Report ==============
Analysis time: 31.45s
Total sequencing reads: 26910
Successfully aligned reads: 26261 (97.59%)
Alignment failed, no hits (not TCR/IG?): 21 (0.08%)
Alignment failed because of absence of J hits: 595 (2.21%)
Alignment failed because of low total score: 33 (0.12%)
Overlapped: 0 (0%)
Overlapped and aligned: 0 (0%)
Overlapped and not aligned: 0 (0%)
TRB chains: 26261 (100%)

[Fri Feb 08 15:47:10 EST 2019] $ java -Xmx5g -jar /Users/jforman/bin/mixcr-2.1.5/mixcr.jar assemble --index index_file alignments.vdjca clones.clns
Initialization: progress unknown
Assembling initial clonotypes: 40%
Assembling initial clonotypes: 84.4%  ETA: 00:00:00
Mapping low quality reads: 44.4%
Clustering: 0%
Clustering: 14.7%  ETA: 00:00:11
Clustering: 31.8%  ETA: 00:00:03
Clustering: 51%  ETA: 00:00:02
Clustering: 72.7%  ETA: 00:00:01
Clustering: 98%  ETA: 00:00:00
Building clones: 10.2%
Building clones: 46.8%  ETA: 00:00:01
Building clones: 76.5%  ETA: 00:00:00
Writing clones: 0%
============= Report ==============
Analysis time: 17.56s
Final clonotype count: 6736
Average number of reads per clonotype: 3.74
Reads used in clonotypes, percent of total: 25208 (93.68%)
Reads used in clonotypes before clustering, percent of total: 25250 (93.83%)
Number of reads used as a core, percent of used: 24941 (98.78%)
Mapped low quality reads, percent of used: 309 (1.22%)
Reads clustered in PCR error correction, percent of used: 42 (0.17%)
Reads pre-clustered due to the similar VJC-lists, percent of used: 0 (0%)
Reads dropped due to the lack of a clone sequence: 45 (0.17%)
Reads dropped due to low quality: 1 (0%)
Reads dropped due to failed mapping: 965 (3.59%)
Reads dropped with low quality clones: 0 (0%)
Clonotypes eliminated by PCR error correction: 23
Clonotypes dropped as low quality: 0
Clonotypes pre-clustered due to the similar VJC-lists: 0
TRB chains: 6736 (100%)

[Fri Feb 08 15:47:33 EST 2019] $ java -Xmx5g -jar /Users/jforman/bin/mixcr-2.1.5/mixcr.jar exportAlignmExporting alignments: 66.7%  ETA: 00:00:01

[Fri F
[Fri Feb 08 15:48:00 EST 2019] $ java -Xmx5g -jar /Users/jforman/bin/mixcr-2.1.5/mixcr.jar exportAlignments --preset full -readId -descrR1 -cloneIdWithMappingType index_file alignments.vdjca alignments.txt
Exporting alignments: 0%
Exporting alignments: 17.8%  ETA: 00:00:23
Exporting alignments: 35.5%  ETA: 00:00:07
Exporting alignments: 48.9%  ETA: 00:00:03
Exporting alignments: 75.5%  ETA: 00:00:00
Exporting alignments: 97.8%  ETA: 00:00:00

[Fri Feb 08 15:48:15 EST 2019] $ java -Xmx5g -jar /Users/jforman/bin/mixcr-2.1.5/mixcr.jar exportClones --chains TRB --preset full -readIds index_file clones.clns clones.txt
Exporting clones: 0%
Exporting clones: 34.5%  ETA: 00:00:01

-------------------------------------------------

    6737 clones.txt
-------------------------------------------------

usage: date [-jnRu] [-d dst] [-r seconds] [-t west] [-v[+|-]val[ymwdHMS]] ... 
            [-f fmt date | [[[mm]dd]HH]MM[[cc]yy][.ss]] [+format]
usage: date [-jnRu] [-d dst] [-r seconds] [-t west] [-v[+|-]val[ymwdHMS]] ... 
            [-f fmt date | [[[mm]dd]HH]MM[[cc]yy][.ss]] [+format]
ELAPSED TIME: 00:01:48

