
[ALIGN TCR READS WITH MIXCR]
-------------------------------------------------


>> MAKE DIRECTORIES

[Thu Nov 15 11:44:43 EST 2018] $ mkdir /Users/jforman/Documents/WuLab/TCR_protocol_files/out/sample_data/mixcr/
[Thu Nov 15 11:44:43 EST 2018] $ mkdir /Users/jforman/Documents/WuLab/TCR_protocol_files/out/sample_data/mixcr/S2-10ng_S7_TRB/
[Thu Nov 15 11:44:43 EST 2018] $ cd /Users/jforman/Documents/WuLab/TCR_protocol_files/out/sample_data/mixcr/S2-10ng_S7_TRB/


>> RUN MIXCR

[Thu Nov 15 11:44:43 EST 2018] $ java -Xmx5g -jar /Users/jforman/bin/mixcr-2.1.5/mixcr.jar align --chains TRB --species hsa --save-description /Users/jforman/Documents/WuLab/TCR_protocol_files/out/sample_data/fastq/tcr/S2-10ng_S7_TRB_L001_R1_001.fastq alignments.vdjca
Reference library: repseqio.v1.4:9606:200de63a951f3484df94065bbc280c67
Alignment: 3.4%
Alignment: 13.4%  ETA: 00:01:00
Alignment: 23.5%  ETA: 00:01:00
Alignment: 33.6%  ETA: 00:00:46
Alignment: 43.7%  ETA: 00:00:11
Alignment: 53.7%  ETA: 00:00:09
Alignment: 63.8%  ETA: 00:00:07
Alignment: 73.9%  ETA: 00:00:05
Alignment: 84%  ETA: 00:00:03
Alignment: 100%  ETA: 00:00:00
============= Report ==============
Analysis time: 38.22s
Total sequencing reads: 28195
Successfully aligned reads: 27931 (99.06%)
Alignment failed, no hits (not TCR/IG?): 4 (0.01%)
Alignment failed because of absence of J hits: 250 (0.89%)
Alignment failed because of low total score: 10 (0.04%)
Overlapped: 0 (0%)
Overlapped and aligned: 0 (0%)
Overlapped and not aligned: 0 (0%)
TRB chains: 27931 (100%)

[Thu Nov 15 11:45:25 EST 2018] $ java -Xmx5g -jar /Users/jforman/bin/mixcr-2.1.5/mixcr.jar assemble --index index_file alignments.vdjca clones.clns
Initialization: progress unknown
Assembling initial clonotypes: 28.1%
Assembling initial clonotypes: 68.2%  ETA: 00:00:00
Mapping low quality reads: 24.1%
Mapping low quality reads: 76.3%  ETA: 00:00:00
Clustering: 0.6%
Clustering: 21.4%  ETA: 00:00:07
Clustering: 33.6%  ETA: 00:00:05
Clustering: 49.5%  ETA: 00:00:03
Clustering: 69.9%  ETA: 00:00:01
Clustering: 85.2%  ETA: 00:00:00
Building clones: 0%
Building clones: 40.1%  ETA: 00:00:02
Building clones: 85.6%  ETA: 00:00:00
Writing clones: 0%
Writing clones: 63.5%  ETA: 00:00:00
============= Report ==============
Analysis time: 20.07s
Final clonotype count: 6063
Average number of reads per clonotype: 4.39
Reads used in clonotypes, percent of total: 26596 (94.33%)
Reads used in clonotypes before clustering, percent of total: 26756 (94.9%)
Number of reads used as a core, percent of used: 26399 (98.67%)
Mapped low quality reads, percent of used: 357 (1.33%)
Reads clustered in PCR error correction, percent of used: 160 (0.6%)
Reads pre-clustered due to the similar VJC-lists, percent of used: 0 (0%)
Reads dropped due to the lack of a clone sequence: 50 (0.18%)
Reads dropped due to low quality: 1 (0%)
Reads dropped due to failed mapping: 1124 (3.99%)
Reads dropped with low quality clones: 0 (0%)
Clonotypes eliminated by PCR error correction: 64
Clonotypes dropped as low quality: 0
Clonotypes pre-clustered due to the similar VJC-lists: 0
TRB chains: 6063 (100%)

[Thu Nov 15 11:45:50 EST 2018]Exporting alignments: 12.4%  ETA: 00:00:07
Exporting alignments: 37.3%  ETA: 00:00:07
Exporting alignments: 62.1%  ETA: 00:
[Thu Nov 15 11:46:22 EST 2018] $ java -Xmx5g -jar /Users/jforman/bin/mixcr-2.1.5/mixcr.jar exportAlignments --preset full -readId -descrR1 -cloneIdWithMappingType index_file alignments.vdjca alignments.txt
Exporting alignments: 0%
Exporting alignments: 12%  ETA: 00:00:36
Exporting alignments: 24.1%  ETA: 00:00:12
Exporting alignments: 36.1%  ETA: 00:00:05
Exporting alignments: 48.2%  ETA: 00:00:04
Exporting alignments: 64.2%  ETA: 00:00:02
Exporting alignments: 80.3%  ETA: 00:00:01
Exporting alignments: 96.3%  ETA: 00:00:00

[Thu Nov 15 11:46:39 EST 2018] $ java -Xmx5g -jar /Users/jforman/bin/mixcr-2.1.5/mixcr.jar exportClones --chains TRB --preset full -readIds index_file clones.clns clones.txt
Exporting clones: 0%
Exporting clones: 46.5%  ETA: 00:00:01

-------------------------------------------------

    6064 clones.txt
-------------------------------------------------

usage: date [-jnRu] [-d dst] [-r seconds] [-t west] [-v[+|-]val[ymwdHMS]] ... 
            [-f fmt date | [[[mm]dd]HH]MM[[cc]yy][.ss]] [+format]
usage: date [-jnRu] [-d dst] [-r seconds] [-t west] [-v[+|-]val[ymwdHMS]] ... 
            [-f fmt date | [[[mm]dd]HH]MM[[cc]yy][.ss]] [+format]
ELAPSED TIME: 00:02:06

