
[ALIGN TCR READS WITH MIXCR]
-------------------------------------------------


>> MAKE DIRECTORIES

[Fri Feb 08 15:51:59 EST 2019] $ mkdir /Users/jforman/Documents/WuLab/TCR_protocol_files/out/sample_run/mixcr/
[Fri Feb 08 15:51:59 EST 2019] $ mkdir /Users/jforman/Documents/WuLab/TCR_protocol_files/out/sample_run/mixcr/S3-10ng_S20_TRB/
[Fri Feb 08 15:51:59 EST 2019] $ cd /Users/jforman/Documents/WuLab/TCR_protocol_files/out/sample_run/mixcr/S3-10ng_S20_TRB/


>> RUN MIXCR

[Fri Feb 08 15:51:59 EST 2019] $ java -Xmx5g -jar /Users/jforman/bin/mixcr-2.1.5/mixcr.jar align --chains TRB --species hsa --save-description /Users/jforman/Documents/WuLab/TCR_protocol_files/out/sample_run/fastq/tcr/S3-10ng_S20_TRB_L001_R1_001.fastq alignments.vdjca
Reference library: repseqio.v1.4:9606:200de63a951f3484df94065bbc280c67
Alignment: 7.8%
Alignment: 23.3%  ETA: 00:00:14
Alignment: 38.8%  ETA: 00:00:15
Alignment: 54.3%  ETA: 00:00:14
Alignment: 69.8%  ETA: 00:00:09
Alignment: 85.3%  ETA: 00:00:01
Alignment: 100%  ETA: 00:00:00
============= Report ==============
Analysis time: 24.17s
Total sequencing reads: 12184
Successfully aligned reads: 11851 (97.27%)
Alignment failed, no hits (not TCR/IG?): 10 (0.08%)
Alignment failed because of absence of J hits: 311 (2.55%)
Alignment failed because of low total score: 12 (0.1%)
Overlapped: 0 (0%)
Overlapped and aligned: 0 (0%)
Overlapped and not aligned: 0 (0%)
TRB chains: 11851 (100%)

[Fri Feb 08 15:52:26 EST 2019] $ java -Xmx5g -jar /Users/jforman/bin/mixcr-2.1.5/mixcr.jar assemble --index index_file alignments.vdjca clones.clns
Initialization: progress unknown
Assembling initial clonotypes: 86.9%
Mapping low quality reads: 86.9%
Clustering: 21.7%
Clustering: 69.7%  ETA: 00:00:00
Building clones: 3.9%
Building clones: 60.8%  ETA: 00:00:00
Writing clones: 0%
============= Report ==============
Analysis time: 10.31s
Final clonotype count: 2822
Average number of reads per clonotype: 3.99
Reads used in clonotypes, percent of total: 11271 (92.51%)
Reads used in clonotypes before clustering, percent of total: 11339 (93.06%)
Number of reads used as a core, percent of used: 11192 (98.7%)
Mapped low quality reads, percent of used: 147 (1.3%)
Reads clustered in PCR error correction, percent of used: 68 (0.6%)
Reads pre-clustered due to the similar VJC-lists, percent of used: 0 (0%)
Reads dropped due to the lack of a clone sequence: 22 (0.18%)
Reads dropped due to low quality: 0 (0%)
Reads dropped due to failed mapping: 490 (4.02%)
Reads dropped with low quality clones: 0 (0%)
Clonotypes eliminated by PCR error correction: 22
Clonotypes dropped as low quality: 0
Clonotypes pre-clustered due to the similar VJC-lists: 0
TRB chains: 2822 (100%)

[Fri Feb 08 15:52:41 EST 2019] $ java -Xmx5g -jar /Users/jforman/bin/mixcr-2.1.5/mixcr.jar exportAlignmentsPretty alignments.vdjca alignments.pretty.txt

[Fri Feb 08 15:52:58 EST 2019] $ java -Xmx5g -jar /Users/jforman/bin/mixcr-2.1.5/mixcr.jar exportAlignments --preset full -readId -descrR1 -cloneIdWithMappingType index_file alignments.vdjca alignments.txt
Exporting alignments: 0%
Exporting alignments: 19.3%  ETA: 00:00:12
Exporting alignments: 38.6%  ETA: 00:00:03
Exporting alignments: 77.3%  ETA: 00:00:00

[Fri Feb 08 15:53:08 EST 2019] $ java -Xmx5g -jar /Users/jforman/bin/mixcr-2.1.5/mixcr.jar exportClones --chains TRB --preset full -readIds index_file clones.clns clones.txt
Exporting clones: 0%
Exporting clones: 91.8%  ETA: 00:00:00

-------------------------------------------------

    2823 clones.txt
-------------------------------------------------

usage: date [-jnRu] [-d dst] [-r seconds] [-t west] [-v[+|-]val[ymwdHMS]] ... 
            [-f fmt date | [[[mm]dd]HH]MM[[cc]yy][.ss]] [+format]
usage: date [-jnRu] [-d dst] [-r seconds] [-t west] [-v[+|-]val[ymwdHMS]] ... 
            [-f fmt date | [[[mm]dd]HH]MM[[cc]yy][.ss]] [+format]
ELAPSED TIME: 00:01:16

