
[ALIGN TCR READS WITH MIXCR]
-------------------------------------------------


>> MAKE DIRECTORIES

[Fri Feb 08 15:52:04 EST 2019] $ mkdir /Users/jforman/Documents/WuLab/TCR_protocol_files/out/sample_run/mixcr/
[Fri Feb 08 15:52:04 EST 2019] $ mkdir /Users/jforman/Documents/WuLab/TCR_protocol_files/out/sample_run/mixcr/S4-10ng_S21_TRB/
[Fri Feb 08 15:52:04 EST 2019] $ cd /Users/jforman/Documents/WuLab/TCR_protocol_files/out/sample_run/mixcr/S4-10ng_S21_TRB/


>> RUN MIXCR

[Fri Feb 08 15:52:05 EST 2019] $ java -Xmx5g -jar /Users/jforman/bin/mixcr-2.1.5/mixcr.jar align --chains TRB --species hsa --save-description /Users/jforman/Documents/WuLab/TCR_protocol_files/out/sample_run/fastq/tcr/S4-10ng_S21_TRB_L001_R1_001.fastq alignments.vdjca
Reference library: repseqio.v1.4:9606:200de63a951f3484df94065bbc280c67
Alignment: 2.6%
Alignment: 13.1%  ETA: 00:01:32
Alignment: 26.2%  ETA: 00:00:33
Alignment: 36.7%  ETA: 00:00:12
Alignment: 49.8%  ETA: 00:00:07
Alignment: 62.9%  ETA: 00:00:05
Alignment: 78.6%  ETA: 00:00:02
Alignment: 96.9%  ETA: 00:00:00
============= Report ==============
Analysis time: 32.27s
Total sequencing reads: 36071
Successfully aligned reads: 35285 (97.82%)
Alignment failed, no hits (not TCR/IG?): 23 (0.06%)
Alignment failed because of absence of J hits: 714 (1.98%)
Alignment failed because of low total score: 49 (0.14%)
Overlapped: 0 (0%)
Overlapped and aligned: 0 (0%)
Overlapped and not aligned: 0 (0%)
TRB chains: 35285 (100%)

[Fri Feb 08 15:52:41 EST 2019] $ java -Xmx5g -jar /Users/jforman/bin/mixcr-2.1.5/mixcr.jar assemble --index index_file alignments.vdjca clones.clns
Initialization: progress unknown
Assembling initial clonotypes: 32.8%
Assembling initial clonotypes: 75.4%  ETA: 00:00:00
Mapping low quality reads: 39.4%
Mapping low quality reads: 98.4%  ETA: 00:00:00
Clustering: 8.1%
Clustering: 28.6%  ETA: 00:00:03
Clustering: 46.6%  ETA: 00:00:02
Clustering: 65%  ETA: 00:00:01
Clustering: 84.6%  ETA: 00:00:00
Building clones: 0.6%
Building clones: 15.4%  ETA: 00:00:05
Building clones: 64.8%  ETA: 00:00:00
Writing clones: 0%
============= Report ==============
Analysis time: 15.70s
Final clonotype count: 6918
Average number of reads per clonotype: 4.85
Reads used in clonotypes, percent of total: 33560 (93.04%)
Reads used in clonotypes before clustering, percent of total: 34327 (95.17%)
Number of reads used as a core, percent of used: 33909 (98.78%)
Mapped low quality reads, percent of used: 418 (1.22%)
Reads clustered in PCR error correction, percent of used: 767 (2.23%)
Reads pre-clustered due to the similar VJC-lists, percent of used: 0 (0%)
Reads dropped due to the lack of a clone sequence: 47 (0.13%)
Reads dropped due to low quality: 1 (0%)
Reads dropped due to failed mapping: 910 (2.52%)
Reads dropped with low quality clones: 0 (0%)
Clonotypes eliminated by PCR error correction: 238
Clonotypes dropped as low quality: 0
Clonotypes pre-clustered due to the similar VJC-lists: 0
TRB chains: 6918 (100%)

[Fri Feb 08 15:53:00 EST 2019] $ java -Xmx5g -jar /Users/jforman/bin/mixcr-2.1.5/mixcr.jar exportAlignmentsPretty alignments.vdjca alignments.pretty.txt

[Fri Feb 08 15:53:32 EST 2019] $ java -Xmx5g -jar /Users/jforman/bin/mixcr-2.1.5/mixcr.jar exportAlignments --preset full -readId -descrR1 -cloneIdWithMappingType index_file alignments.vdjca alignments.txt
Exporting alignments: 0%
Exporting alignments: 13.1%  ETA: 00:00:26
Exporting alignments: 26.2%  ETA: 00:00:11
Exporting alignments: 49.2%  ETA: 00:00:04
Exporting alignments: 65.6%  ETA: 00:00:02
Exporting alignments: 82%  ETA: 00:00:01
Exporting alignments: 95.1%  ETA: 00:00:00

[Fri Feb 08 15:53:48 EST 2019] $ java -Xmx5g -jar /Users/jforman/bin/mixcr-2.1.5/mixcr.jar exportClones --chains TRB --preset full -readIds index_file clones.clns clones.txt
Exporting clones: 0%
Exporting clones: 50.6%  ETA: 00:00:00

-------------------------------------------------

    6919 clones.txt
-------------------------------------------------

usage: date [-jnRu] [-d dst] [-r seconds] [-t west] [-v[+|-]val[ymwdHMS]] ... 
            [-f fmt date | [[[mm]dd]HH]MM[[cc]yy][.ss]] [+format]
usage: date [-jnRu] [-d dst] [-r seconds] [-t west] [-v[+|-]val[ymwdHMS]] ... 
            [-f fmt date | [[[mm]dd]HH]MM[[cc]yy][.ss]] [+format]
ELAPSED TIME: 00:01:52

