
[ALIGN TCR READS WITH MIXCR]
-------------------------------------------------


>> MAKE DIRECTORIES

[Thu Nov 15 11:46:49 EST 2018] $ mkdir /Users/jforman/Documents/WuLab/TCR_protocol_files/out/sample_data/mixcr/
[Thu Nov 15 11:46:49 EST 2018] $ mkdir /Users/jforman/Documents/WuLab/TCR_protocol_files/out/sample_data/mixcr/S4-10ng_S9_TRB/
[Thu Nov 15 11:46:49 EST 2018] $ cd /Users/jforman/Documents/WuLab/TCR_protocol_files/out/sample_data/mixcr/S4-10ng_S9_TRB/


>> RUN MIXCR

[Thu Nov 15 11:46:49 EST 2018] $ java -Xmx5g -jar /Users/jforman/bin/mixcr-2.1.5/mixcr.jar align --chains TRB --species hsa --save-description /Users/jforman/Documents/WuLab/TCR_protocol_files/out/sample_data/fastq/tcr/S4-10ng_S9_TRB_L001_R1_001.fastq alignments.vdjca
Reference library: repseqio.v1.4:9606:200de63a951f3484df94065bbc280c67
Alignment: 3.5%
Alignment: 13.9%  ETA: 00:00:57
Alignment: 24.4%  ETA: 00:00:50
Alignment: 34.9%  ETA: 00:00:12
Alignment: 48.8%  ETA: 00:00:07
Alignment: 62.7%  ETA: 00:00:05
Alignment: 73.2%  ETA: 00:00:05
Alignment: 87.1%  ETA: 00:00:01
Alignment: 100%  ETA: 00:00:00
============= Report ==============
Analysis time: 31.07s
Total sequencing reads: 27173
Successfully aligned reads: 26657 (98.1%)
Alignment failed, no hits (not TCR/IG?): 9 (0.03%)
Alignment failed because of absence of J hits: 478 (1.76%)
Alignment failed because of low total score: 29 (0.11%)
Overlapped: 0 (0%)
Overlapped and aligned: 0 (0%)
Overlapped and not aligned: 0 (0%)
TRB chains: 26657 (100%)

[Thu Nov 15 11:47:24 EST 2018] $ java -Xmx5g -jar /Users/jforman/bin/mixcr-2.1.5/Assembling initial clonotypes: 59.6%
Clustering: 0.6%
Clustering: 2Initialization: progress unknown
Assembling initial clonotypes: 18.3%
Assembling initial clonotypes: 77.6%  ETA: 00:00:00
Mapping low quality reads: 27.4%
Clustering: 0%
Clustering: 14.9%  ETA: 00:00:05
Clustering: 31.8%  ETA: 00:00:04
Clustering: 49.8%  ETA: 00:00:02
Clustering: 72.4%  ETA: 00:00:01
Clustering: 96%  ETA: 00:00:00
Building clones: 5.5%
Building clones: 35.7%  ETA: 00:00:02
Building clones: 84.7%  ETA: 00:00:00
Writing clones: 0%
============= Report ==============
Analysis time: 17.14s
Final clonotype count: 5064
Average number of reads per clonotype: 5.02
Reads used in clonotypes, percent of total: 25416 (93.53%)
Reads used in clonotypes before clustering, percent of total: 25851 (95.13%)
Number of reads used as a core, percent of used: 25504 (98.66%)
Mapped low quality reads, percent of used: 347 (1.34%)
Reads clustered in PCR error correction, percent of used: 435 (1.68%)
Reads pre-clustered due to the similar VJC-lists, percent of used: 0 (0%)
Reads dropped due to the lack of a clone sequence: 33 (0.12%)
Reads dropped due to low quality: 2 (0.01%)
Reads dropped due to failed mapping: 771 (2.84%)
Reads dropped with low quality clones: 0 (0%)
[Thu Nov 15 11:47:48 EST 2018] $ java -Xmx5g -jar /Users/jforman/bin/mixcr-2.1.5/mixcr.jar exportAlignments --preset full -readId -descrR1 -cloneIdWithMappingType index_file alignments.vdjca alignments.txt
Exporting alignments: 0%
Exporting alignments: 14.9%  ETA: 00:00:05
Exporting alignments: 29.8%  ETA: 00:00:18
Export
[Thu Nov 15 11:48:22 EST 2018] $ java -Xmx5g -jar /Users/jforman/bin/mixcr-2.1.5/mixcr.jar exportAlignments --preset full -readId -descrR1 -cloneIdWithMappingType index_file alignments.vdjca alignments.txt
Exporting alignments: 0%
Exporting alignments: 13.7%  ETA: 00:00:25
Exporting alignments: 36.5%  ETA: 00:00:05
Exporting alignments: 50.2%  ETA: 00:00:03
Exporting alignments: 68.5%  ETA: 00:00:01
Exporting alignments: 86.7%  ETA: 00:00:00

[Thu Nov 15 11:48:36 EST 2018] $ java -Xmx5g -jar /Users/jforman/bin/mixcr-2.1.5/mixcr.jar exportClones --chains TRB --preset full -readIds index_file clones.clns clones.txt
Exporting clones: 0%
Exporting clones: 46.5%  ETA: 00:00:01

-------------------------------------------------

    5065 clones.txt
-------------------------------------------------

usage: date [-jnRu] [-d dst] [-r seconds] [-t west] [-v[+|-]val[ymwdHMS]] ... 
            [-f fmt date | [[[mm]dd]HH]MM[[cc]yy][.ss]] [+format]
usage: date [-jnRu] [-d dst] [-r seconds] [-t west] [-v[+|-]val[ymwdHMS]] ... 
            [-f fmt date | [[[mm]dd]HH]MM[[cc]yy][.ss]] [+format]
ELAPSED TIME: 00:01:56

